2025-01-16 20:55:44.662 | DEBUG    | app.core.crud:list:66 - 查询总数: 2
2025-01-16 20:55:44.696 | DEBUG    | app.core.crud:list:67 - 查询分页数据: [<User: 2>, <User: 4>]
2025-01-16 20:55:51.143 | DEBUG    | app.core.crud:list:66 - 查询总数: 2
2025-01-16 20:55:51.213 | DEBUG    | app.core.crud:list:67 - 查询分页数据: [<User: 2>, <User: 4>]
2025-01-16 20:56:38.984 | DEBUG    | app.core.crud:list:66 - 查询总数: 2
2025-01-16 20:56:39.017 | DEBUG    | app.core.crud:list:67 - 查询分页数据: []
2025-01-16 21:00:43.681 | DEBUG    | app.core.crud:list:66 - 查询总数: 2
2025-01-16 21:00:43.715 | DEBUG    | app.core.crud:list:67 - 查询分页数据: [<User: 2>, <User: 4>]
2025-01-20 20:21:33.608 | DEBUG    | app.controllers.api:refresh_api:84 - API Created GET /api/v1/users/list
2025-01-20 20:21:33.666 | DEBUG    | app.controllers.api:refresh_api:84 - API Created GET /api/v1/users/get
2025-01-20 20:21:33.810 | DEBUG    | app.controllers.api:refresh_api:84 - API Created POST /api/v1/users/update
2025-01-20 20:21:33.869 | DEBUG    | app.controllers.api:refresh_api:84 - API Created DELETE /api/v1/users/delete
2025-01-20 20:21:33.923 | DEBUG    | app.controllers.api:refresh_api:84 - API Created POST /api/v1/users/reset_password
2025-01-20 20:21:33.978 | DEBUG    | app.controllers.api:refresh_api:84 - API Created GET /api/v1/roles/list
2025-01-20 20:21:34.032 | DEBUG    | app.controllers.api:refresh_api:84 - API Created GET /api/v1/roles/get
2025-01-20 20:21:34.085 | DEBUG    | app.controllers.api:refresh_api:84 - API Created POST /api/v1/roles/create
2025-01-20 20:21:34.139 | DEBUG    | app.controllers.api:refresh_api:84 - API Created POST /api/v1/roles/update
2025-01-20 20:21:34.193 | DEBUG    | app.controllers.api:refresh_api:84 - API Created DELETE /api/v1/roles/delete
2025-01-20 20:21:34.258 | DEBUG    | app.controllers.api:refresh_api:84 - API Created GET /api/v1/roles/authorized
2025-01-20 20:21:34.311 | DEBUG    | app.controllers.api:refresh_api:84 - API Created POST /api/v1/roles/authorized
2025-01-20 20:21:34.365 | DEBUG    | app.controllers.api:refresh_api:84 - API Created GET /api/v1/apis/list
2025-01-20 20:21:34.420 | DEBUG    | app.controllers.api:refresh_api:84 - API Created GET /api/v1/apis/get
2025-01-20 20:21:34.475 | DEBUG    | app.controllers.api:refresh_api:84 - API Created POST /api/v1/apis/create
2025-01-20 20:21:34.528 | DEBUG    | app.controllers.api:refresh_api:84 - API Created POST /api/v1/apis/update
2025-01-20 20:21:34.582 | DEBUG    | app.controllers.api:refresh_api:84 - API Created DELETE /api/v1/apis/delete
2025-01-20 20:21:34.635 | DEBUG    | app.controllers.api:refresh_api:84 - API Created POST /api/v1/apis/refresh
2025-01-20 20:21:34.691 | DEBUG    | app.controllers.api:refresh_api:84 - API Created GET /api/v1/menus/list
2025-01-20 20:21:34.744 | DEBUG    | app.controllers.api:refresh_api:84 - API Created GET /api/v1/menus/get
2025-01-20 20:21:34.799 | DEBUG    | app.controllers.api:refresh_api:84 - API Created POST /api/v1/menus/create
2025-01-20 20:21:34.852 | DEBUG    | app.controllers.api:refresh_api:84 - API Created POST /api/v1/menus/update
2025-01-20 20:21:34.906 | DEBUG    | app.controllers.api:refresh_api:84 - API Created DELETE /api/v1/menus/delete
2025-01-20 20:21:34.963 | DEBUG    | app.controllers.api:refresh_api:84 - API Created GET /api/v1/auditlog/list
2025-01-20 20:21:35.017 | DEBUG    | app.controllers.api:refresh_api:84 - API Created GET /api/v1/base/userinfo
2025-01-20 20:21:35.071 | DEBUG    | app.controllers.api:refresh_api:84 - API Created GET /api/v1/base/usermenu
2025-01-20 20:21:35.124 | DEBUG    | app.controllers.api:refresh_api:84 - API Created GET /api/v1/base/userapi
2025-01-20 20:21:35.179 | DEBUG    | app.controllers.api:refresh_api:84 - API Created POST /api/v1/base/update_password
2025-02-10 20:30:51.576 | INFO     | app.core.dependency:get_mongo_pool:213 - Successfully connected to MongoDB
2025-02-10 20:32:44.093 | INFO     | app.core.dependency:close_pool:250 - MongoDB connection pool closed
2025-02-11 10:16:05.849 | INFO     | app.core.dependency:get_mongo_pool:213 - Successfully connected to MongoDB
2025-02-11 10:16:45.448 | INFO     | app.core.dependency:close_pool:250 - MongoDB connection pool closed
2025-02-11 10:17:49.744 | INFO     | app.core.dependency:get_mongo_pool:213 - Successfully connected to MongoDB
2025-02-11 10:18:12.761 | INFO     | app.core.dependency:close_pool:250 - MongoDB connection pool closed
2025-02-11 10:24:35.693 | INFO     | app.core.dependency:get_mongo_pool:213 - Successfully connected to MongoDB
2025-02-11 11:10:49.025 | INFO     | app.core.dependency:close_pool:250 - MongoDB connection pool closed
2025-02-11 11:11:56.664 | INFO     | app.core.dependency:get_mongo_pool:213 - Successfully connected to MongoDB
2025-02-11 11:31:12.920 | INFO     | app.core.dependency:get_mongo_pool:213 - Successfully connected to MongoDB
2025-02-11 11:31:33.783 | INFO     | app.core.dependency:close_pool:250 - MongoDB connection pool closed
2025-02-11 11:32:30.535 | INFO     | app.core.dependency:get_mongo_pool:213 - Successfully connected to MongoDB
2025-02-11 11:37:51.505 | INFO     | app.core.dependency:close_pool:250 - MongoDB connection pool closed
2025-02-11 11:37:54.901 | INFO     | app.core.dependency:get_mongo_pool:213 - Successfully connected to MongoDB
2025-02-11 19:21:31.377 | INFO     | app.core.dependency:close_pool:250 - MongoDB connection pool closed
2025-02-11 21:20:18.151 | INFO     | app.core.dependency:get_mongo_pool:213 - Successfully connected to MongoDB
2025-02-11 22:33:58.878 | INFO     | app.core.dependency:close_pool:250 - MongoDB connection pool closed
2025-02-12 10:38:59.935 | INFO     | app.core.dependency:get_mongo_pool:213 - Successfully connected to MongoDB
2025-02-12 12:46:52.217 | INFO     | app.core.dependency:close_pool:250 - MongoDB connection pool closed
2025-02-12 12:52:16.370 | INFO     | app.core.dependency:get_mongo_pool:213 - Successfully connected to MongoDB
2025-02-12 12:54:10.685 | INFO     | app.core.dependency:close_pool:250 - MongoDB connection pool closed
2025-02-12 12:58:11.422 | INFO     | app.core.dependency:get_mongo_pool:213 - Successfully connected to MongoDB
2025-02-12 13:00:02.951 | INFO     | app.core.dependency:close_pool:250 - MongoDB connection pool closed
2025-02-12 13:07:49.395 | INFO     | app.core.dependency:get_mongo_pool:213 - Successfully connected to MongoDB
2025-02-12 13:14:15.851 | INFO     | app.core.dependency:close_pool:250 - MongoDB connection pool closed
2025-02-12 13:18:03.202 | INFO     | app.core.dependency:get_mongo_pool:213 - Successfully connected to MongoDB
2025-02-12 13:20:20.880 | INFO     | app.core.dependency:close_pool:250 - MongoDB connection pool closed
2025-02-12 13:20:25.166 | INFO     | app.core.dependency:get_mongo_pool:213 - Successfully connected to MongoDB
2025-02-12 13:26:54.993 | INFO     | app.core.dependency:close_pool:250 - MongoDB connection pool closed
2025-02-12 13:27:45.087 | INFO     | app.core.dependency:get_mongo_pool:213 - Successfully connected to MongoDB
2025-02-12 13:30:23.138 | INFO     | app.core.dependency:close_pool:250 - MongoDB connection pool closed
2025-02-12 13:30:37.134 | INFO     | app.core.dependency:get_mongo_pool:213 - Successfully connected to MongoDB
2025-02-12 13:31:35.233 | INFO     | app.core.dependency:close_pool:250 - MongoDB connection pool closed
2025-02-12 13:34:39.652 | INFO     | app.core.dependency:get_mongo_pool:213 - Successfully connected to MongoDB
2025-02-12 13:35:31.074 | INFO     | app.core.dependency:close_pool:250 - MongoDB connection pool closed
2025-02-12 13:35:34.804 | INFO     | app.core.dependency:get_mongo_pool:213 - Successfully connected to MongoDB
2025-02-12 13:42:01.800 | INFO     | app.core.dependency:close_pool:250 - MongoDB connection pool closed
2025-02-12 13:42:06.367 | INFO     | app.core.dependency:get_mongo_pool:213 - Successfully connected to MongoDB
2025-02-12 13:42:37.212 | INFO     | app.core.dependency:close_pool:250 - MongoDB connection pool closed
2025-02-12 13:42:40.812 | INFO     | app.core.dependency:get_mongo_pool:213 - Successfully connected to MongoDB
2025-02-12 13:51:29.768 | INFO     | app.core.dependency:close_pool:250 - MongoDB connection pool closed
2025-02-12 13:51:46.814 | INFO     | app.core.dependency:get_mongo_pool:213 - Successfully connected to MongoDB
2025-02-12 15:34:03.609 | INFO     | app.core.dependency:close_pool:250 - MongoDB connection pool closed
2025-02-12 15:43:11.670 | INFO     | app.core.dependency:get_mongo_pool:213 - Successfully connected to MongoDB
2025-02-12 15:47:52.848 | INFO     | app.core.dependency:close_pool:250 - MongoDB connection pool closed
2025-02-12 16:18:47.621 | INFO     | app.core.dependency:get_mongo_pool:213 - Successfully connected to MongoDB
2025-02-12 16:31:18.030 | INFO     | app.core.dependency:close_pool:250 - MongoDB connection pool closed
2025-02-12 16:31:22.322 | INFO     | app.core.dependency:get_mongo_pool:213 - Successfully connected to MongoDB
2025-02-12 17:11:42.003 | INFO     | app.core.dependency:close_pool:250 - MongoDB connection pool closed
2025-02-12 17:11:46.398 | INFO     | app.core.dependency:get_mongo_pool:213 - Successfully connected to MongoDB
2025-02-12 17:15:35.782 | INFO     | app.core.dependency:close_pool:250 - MongoDB connection pool closed
2025-02-12 17:15:40.567 | INFO     | app.core.dependency:get_mongo_pool:213 - Successfully connected to MongoDB
2025-02-12 21:16:15.770 | INFO     | app.core.dependency:close_pool:250 - MongoDB connection pool closed
2025-02-12 21:26:52.707 | INFO     | app.core.dependency:get_mongo_pool:213 - Successfully connected to MongoDB
2025-02-13 12:51:37.193 | INFO     | app.core.dependency:get_mongo_pool:213 - Successfully connected to MongoDB
2025-02-13 15:15:46.919 | INFO     | app.core.dependency:close_pool:250 - MongoDB connection pool closed
2025-02-13 15:16:08.589 | INFO     | app.core.dependency:get_mongo_pool:213 - Successfully connected to MongoDB
2025-02-13 16:02:51.010 | INFO     | app.core.dependency:close_pool:250 - MongoDB connection pool closed
2025-02-13 16:07:30.747 | INFO     | app.core.dependency:get_mongo_pool:213 - Successfully connected to MongoDB
2025-02-13 17:17:14.691 | INFO     | app.core.dependency:close_pool:250 - MongoDB connection pool closed
2025-02-13 17:17:18.568 | INFO     | app.core.dependency:get_mongo_pool:213 - Successfully connected to MongoDB
2025-02-13 19:33:16.259 | INFO     | app.core.dependency:close_pool:250 - MongoDB connection pool closed
